#
# There is insufficient memory for the Java Runtime Environment to continue.
# Native memory allocation (malloc) failed to allocate 74736 bytes for Chunk::new
# Possible reasons:
#   The system is out of physical RAM or swap space
#   The process is running with CompressedOops enabled, and the Java Heap may be blocking the growth of the native heap
# Possible solutions:
#   Reduce memory load on the system
#   Increase physical memory or swap space
#   Check if swap backing store is full
#   Decrease Java heap size (-Xmx/-Xms)
#   Decrease number of Java threads
#   Decrease Java thread stack sizes (-Xss)
#   Set larger code cache with -XX:ReservedCodeCacheSize=
#   JVM is running with Unscaled Compressed Oops mode in which the Java heap is
#     placed in the first 4GB address space. The Java Heap base address is the
#     maximum limit for the native heap growth. Please use -XX:HeapBaseMinAddress
#     to set the Java Heap base and to place the Java Heap above 4GB virtual address.
# This output file may be truncated or incomplete.
#
#  Out of Memory Error (arena.cpp:189), pid=1724, tid=12900
#
# JRE version: OpenJDK Runtime Environment Temurin-17.0.4.1+1 (17.0.4.1+1) (build 17.0.4.1+1)
# Java VM: OpenJDK 64-Bit Server VM Temurin-17.0.4.1+1 (17.0.4.1+1, mixed mode, tiered, compressed oops, compressed class ptrs, g1 gc, windows-amd64)
# No core dump will be written. Minidumps are not enabled by default on client versions of Windows
#

---------------  S U M M A R Y ------------

Command Line: -ea -Dfile.encoding=UTF-8 -XX:+ShowCodeDetailsInExceptionMessages org.testng.remote.RemoteTestNG -serport 56747 -protocol json -d D:\GitPractice\SeleniumCourse\test-output C:\Users\user\AppData\Local\Temp\testng-eclipse-1602802909\testng-customsuite.xml

Host: Intel(R) Core(TM) i3-4005U CPU @ 1.70GHz, 4 cores, 7G,  Windows 10 , 64 bit Build 19041 (10.0.19041.1889)
Time: Thu Aug 31 17:15:21 2023 India Standard Time elapsed time: 34.827469 seconds (0d 0h 0m 34s)

---------------  T H R E A D  ---------------

Current thread (0x0000012e5111e5d0):  JavaThread "C2 CompilerThread0" daemon [_thread_in_native, id=12900, stack(0x0000002953f00000,0x0000002954000000)]


Current CompileTask:
C2:  34827 2510   !   4       java.net.URL::<init> (543 bytes)

Stack: [0x0000002953f00000,0x0000002954000000]
Native frames: (J=compiled Java code, j=interpreted, Vv=VM code, C=native code)
V  [jvm.dll+0x67731a]
V  [jvm.dll+0x832284]
V  [jvm.dll+0x833a2e]
V  [jvm.dll+0x834093]
V  [jvm.dll+0x245775]
V  [jvm.dll+0xabd7b]
V  [jvm.dll+0xac30c]
V  [jvm.dll+0x55f8a9]
V  [jvm.dll+0x32e040]
V  [jvm.dll+0x32d4ba]
V  [jvm.dll+0x218681]
V  [jvm.dll+0x217aa1]
V  [jvm.dll+0x1a3f8d]
V  [jvm.dll+0x227498]
V  [jvm.dll+0x2255e5]
V  [jvm.dll+0x7e7e9b]
V  [jvm.dll+0x7e240a]
V  [jvm.dll+0x6761a5]
C  [ucrtbase.dll+0x21bb2]
C  [KERNEL32.DLL+0x17034]
C  [ntdll.dll+0x526a1]


---------------  P R O C E S S  ---------------

Threads class SMR info:
_java_thread_list=0x0000012e535eedb0, length=27, elements={
0x0000012e379ad750, 0x0000012e510cd550, 0x0000012e510ce550, 0x0000012e510fb030,
0x0000012e51118420, 0x0000012e51119480, 0x0000012e51119d40, 0x0000012e5111e5d0,
0x0000012e51c1eee0, 0x0000012e51c5cf40, 0x0000012e51d7fb10, 0x0000012e51d962c0,
0x0000012e530f9010, 0x0000012e52ea87a0, 0x0000012e528df430, 0x0000012e523067e0,
0x0000012e522261d0, 0x0000012e522266a0, 0x0000012e52cf61d0, 0x0000012e52cf5d00,
0x0000012e52cf31b0, 0x0000012e52cf2ce0, 0x0000012e52cf3b50, 0x0000012e52cf44f0,
0x0000012e52cf4020, 0x0000012e52cf49c0, 0x0000012e52b4b2e0
}

Java Threads: ( => current thread )
  0x0000012e379ad750 JavaThread "main" [_thread_in_Java, id=10680, stack(0x0000002953200000,0x0000002953300000)]
  0x0000012e510cd550 JavaThread "Reference Handler" daemon [_thread_blocked, id=10220, stack(0x0000002953900000,0x0000002953a00000)]
  0x0000012e510ce550 JavaThread "Finalizer" daemon [_thread_blocked, id=6392, stack(0x0000002953a00000,0x0000002953b00000)]
  0x0000012e510fb030 JavaThread "Signal Dispatcher" daemon [_thread_blocked, id=15424, stack(0x0000002953b00000,0x0000002953c00000)]
  0x0000012e51118420 JavaThread "Attach Listener" daemon [_thread_blocked, id=7108, stack(0x0000002953c00000,0x0000002953d00000)]
  0x0000012e51119480 JavaThread "Service Thread" daemon [_thread_blocked, id=1208, stack(0x0000002953d00000,0x0000002953e00000)]
  0x0000012e51119d40 JavaThread "Monitor Deflation Thread" daemon [_thread_blocked, id=15960, stack(0x0000002953e00000,0x0000002953f00000)]
=>0x0000012e5111e5d0 JavaThread "C2 CompilerThread0" daemon [_thread_in_native, id=12900, stack(0x0000002953f00000,0x0000002954000000)]
  0x0000012e51c1eee0 JavaThread "C1 CompilerThread0" daemon [_thread_blocked, id=15412, stack(0x0000002954000000,0x0000002954100000)]
  0x0000012e51c5cf40 JavaThread "Sweeper thread" daemon [_thread_blocked, id=14744, stack(0x0000002954100000,0x0000002954200000)]
  0x0000012e51d7fb10 JavaThread "Notification Thread" daemon [_thread_blocked, id=14800, stack(0x0000002954200000,0x0000002954300000)]
  0x0000012e51d962c0 JavaThread "Common-Cleaner" daemon [_thread_blocked, id=8340, stack(0x0000002954400000,0x0000002954500000)]
  0x0000012e530f9010 JavaThread "ForkJoinPool.commonPool-worker-1" daemon [_thread_blocked, id=7060, stack(0x0000002954500000,0x0000002954600000)]
  0x0000012e52ea87a0 JavaThread "AsyncHttpClient-1-1" daemon [_thread_blocked, id=11520, stack(0x0000002954c00000,0x0000002954d00000)]
  0x0000012e528df430 JavaThread "Exec Default Executor" daemon [_thread_in_native, id=13724, stack(0x0000002954b00000,0x0000002954c00000)]
  0x0000012e523067e0 JavaThread "Exec Stream Pumper" daemon [_thread_in_native, id=16324, stack(0x0000002954d00000,0x0000002954e00000)]
  0x0000012e522261d0 JavaThread "Exec Stream Pumper" daemon [_thread_in_native, id=16080, stack(0x0000002954e00000,0x0000002954f00000)]
  0x0000012e522266a0 JavaThread "Driver Service Executor" daemon [_thread_blocked, id=8772, stack(0x0000002954f00000,0x0000002955000000)]
  0x0000012e52cf61d0 JavaThread "Driver Service Executor" daemon [_thread_blocked, id=5960, stack(0x0000002955000000,0x0000002955100000)]
  0x0000012e52cf5d00 JavaThread "UrlChecker-2" daemon [_thread_blocked, id=4564, stack(0x0000002955100000,0x0000002955200000)]
  0x0000012e52cf31b0 JavaThread "AsyncHttpClient-1-2" daemon [_thread_in_native, id=1820, stack(0x0000002955300000,0x0000002955400000)]
  0x0000012e52cf2ce0 JavaThread "AsyncHttpClient-1-3" daemon [_thread_in_native, id=11904, stack(0x0000002955400000,0x0000002955500000)]
  0x0000012e52cf3b50 JavaThread "AsyncHttpClient-1-4" daemon [_thread_in_native, id=11504, stack(0x0000002955600000,0x0000002955700000)]
  0x0000012e52cf44f0 JavaThread "Java2D Disposer" daemon [_thread_blocked, id=11684, stack(0x0000002955500000,0x0000002955600000)]
  0x0000012e52cf4020 JavaThread "AWT-Shutdown" [_thread_blocked, id=9888, stack(0x0000002955700000,0x0000002955800000)]
  0x0000012e52cf49c0 JavaThread "AWT-Windows" daemon [_thread_in_native, id=12924, stack(0x0000002955800000,0x0000002955900000)]
  0x0000012e52b4b2e0 JavaThread "C2 CompilerThread1" daemon [_thread_blocked, id=14956, stack(0x0000002954a00000,0x0000002954b00000)]

Other Threads:
  0x0000012e510ebd20 VMThread "VM Thread" [stack: 0x0000002953800000,0x0000002953900000] [id=6136]
  0x0000012e51d81ff0 WatcherThread [stack: 0x0000002954300000,0x0000002954400000] [id=15816]
  0x0000012e37a09380 GCTaskThread "GC Thread#0" [stack: 0x0000002953300000,0x0000002953400000] [id=416]
  0x0000012e52496af0 GCTaskThread "GC Thread#1" [stack: 0x0000002954700000,0x0000002954800000] [id=10708]
  0x0000012e523f47e0 GCTaskThread "GC Thread#2" [stack: 0x0000002954800000,0x0000002954900000] [id=1088]
  0x0000012e5275af90 GCTaskThread "GC Thread#3" [stack: 0x0000002954900000,0x0000002954a00000] [id=15696]
  0x0000012e37a19f90 ConcurrentGCThread "G1 Main Marker" [stack: 0x0000002953400000,0x0000002953500000] [id=14460]
  0x0000012e37a1ccd0 ConcurrentGCThread "G1 Conc#0" [stack: 0x0000002953500000,0x0000002953600000] [id=13448]
  0x0000012e37a719a0 ConcurrentGCThread "G1 Refine#0" [stack: 0x0000002953600000,0x0000002953700000] [id=4352]
  0x0000012e50f424a0 ConcurrentGCThread "G1 Service" [stack: 0x0000002953700000,0x0000002953800000] [id=10416]

Threads with active compile tasks:
C2 CompilerThread0    35340 2510   !   4       java.net.URL::<init> (543 bytes)

VM state: not at safepoint (normal execution)

VM Mutex/Monitor currently owned by a thread: None

Heap address: 0x0000000081200000, size: 2030 MB, Compressed Oops mode: 32-bit

CDS archive(s) not mapped
Compressed class space mapped at: 0x0000000100000000-0x0000000140000000, reserved size: 1073741824
Narrow klass base: 0x0000000000000000, Narrow klass shift: 3, Narrow klass range: 0x140000000

GC Precious Log:
 CPUs: 4 total, 4 available
 Memory: 8113M
 Large Page Support: Disabled
 NUMA Support: Disabled
 Compressed Oops: Enabled (32-bit)
 Heap Region Size: 1M
 Heap Min Capacity: 8M
 Heap Initial Capacity: 128M
 Heap Max Capacity: 2030M
 Pre-touch: Disabled
 Parallel Workers: 4
 Concurrent Workers: 1
 Concurrent Refinement Workers: 4
 Periodic GC: Disabled

Heap:
 garbage-first heap   total 37888K, used 24766K [0x0000000081200000, 0x0000000100000000)
  region size 1024K, 10 young (10240K), 2 survivors (2048K)
 Metaspace       used 33485K, committed 33856K, reserved 1081344K
  class space    used 3799K, committed 3968K, reserved 1048576K

Heap Regions: E=young(eden), S=young(survivor), O=old, HS=humongous(starts), HC=humongous(continues), CS=collection set, F=free, OA=open archive, CA=closed archive, TAMS=top-at-mark-start (previous, next)
|   0|0x0000000081200000, 0x0000000081300000, 0x0000000081300000|100%| O|  |TAMS 0x0000000081300000, 0x0000000081200000| Untracked 
|   1|0x0000000081300000, 0x0000000081400000, 0x0000000081400000|100%| O|  |TAMS 0x0000000081400000, 0x0000000081300000| Untracked 
|   2|0x0000000081400000, 0x0000000081500000, 0x0000000081500000|100%| O|  |TAMS 0x0000000081500000, 0x0000000081400000| Untracked 
|   3|0x0000000081500000, 0x0000000081600000, 0x0000000081600000|100%| O|  |TAMS 0x0000000081600000, 0x0000000081500000| Untracked 
|   4|0x0000000081600000, 0x0000000081700000, 0x0000000081700000|100%| O|  |TAMS 0x0000000081700000, 0x0000000081600000| Untracked 
|   5|0x0000000081700000, 0x0000000081800000, 0x0000000081800000|100%| O|  |TAMS 0x0000000081800000, 0x0000000081700000| Untracked 
|   6|0x0000000081800000, 0x0000000081816800, 0x0000000081900000|  8%| O|  |TAMS 0x0000000081816800, 0x0000000081800000| Untracked 
|   7|0x0000000081900000, 0x0000000081a00000, 0x0000000081a00000|100%| O|  |TAMS 0x0000000081900000, 0x0000000081900000| Untracked 
|   8|0x0000000081a00000, 0x0000000081b00000, 0x0000000081b00000|100%| O|  |TAMS 0x0000000081a00000, 0x0000000081a00000| Untracked 
|   9|0x0000000081b00000, 0x0000000081c00000, 0x0000000081c00000|100%| O|  |TAMS 0x0000000081b00000, 0x0000000081b00000| Untracked 
|  10|0x0000000081c00000, 0x0000000081d00000, 0x0000000081d00000|100%| O|  |TAMS 0x0000000081c00000, 0x0000000081c00000| Untracked 
|  11|0x0000000081d00000, 0x0000000081de0e00, 0x0000000081e00000| 87%| O|  |TAMS 0x0000000081d00000, 0x0000000081d00000| Untracked 
|  12|0x0000000081e00000, 0x0000000081e00000, 0x0000000081f00000|  0%| F|  |TAMS 0x0000000081e00000, 0x0000000081e00000| Untracked 
|  13|0x0000000081f00000, 0x0000000081f00000, 0x0000000082000000|  0%| F|  |TAMS 0x0000000081f00000, 0x0000000081f00000| Untracked 
|  14|0x0000000082000000, 0x0000000082000000, 0x0000000082100000|  0%| F|  |TAMS 0x0000000082000000, 0x0000000082000000| Untracked 
|  15|0x0000000082100000, 0x0000000082200000, 0x0000000082200000|100%|HS|  |TAMS 0x0000000082100000, 0x0000000082100000| Complete 
|  16|0x0000000082200000, 0x0000000082300000, 0x0000000082300000|100%|HC|  |TAMS 0x0000000082200000, 0x0000000082200000| Complete 
|  17|0x0000000082300000, 0x0000000082400000, 0x0000000082400000|100%|HC|  |TAMS 0x0000000082300000, 0x0000000082300000| Complete 
|  18|0x0000000082400000, 0x0000000082500000, 0x0000000082500000|100%|HC|  |TAMS 0x0000000082400000, 0x0000000082400000| Complete 
|  19|0x0000000082500000, 0x0000000082600000, 0x0000000082600000|100%|HC|  |TAMS 0x0000000082500000, 0x0000000082500000| Complete 
|  20|0x0000000082600000, 0x0000000082600000, 0x0000000082700000|  0%| F|  |TAMS 0x0000000082600000, 0x0000000082600000| Untracked 
|  21|0x0000000082700000, 0x0000000082700000, 0x0000000082800000|  0%| F|  |TAMS 0x0000000082700000, 0x0000000082700000| Untracked 
|  22|0x0000000082800000, 0x0000000082800000, 0x0000000082900000|  0%| F|  |TAMS 0x0000000082800000, 0x0000000082800000| Untracked 
|  23|0x0000000082900000, 0x00000000829382d0, 0x0000000082a00000| 21%| S|CS|TAMS 0x0000000082900000, 0x0000000082900000| Complete 
|  24|0x0000000082a00000, 0x0000000082b00000, 0x0000000082b00000|100%| S|CS|TAMS 0x0000000082a00000, 0x0000000082a00000| Complete 
|  25|0x0000000082b00000, 0x0000000082b00000, 0x0000000082c00000|  0%| F|  |TAMS 0x0000000082b00000, 0x0000000082b00000| Untracked 
|  26|0x0000000082c00000, 0x0000000082c00000, 0x0000000082d00000|  0%| F|  |TAMS 0x0000000082c00000, 0x0000000082c00000| Untracked 
|  27|0x0000000082d00000, 0x0000000082d00000, 0x0000000082e00000|  0%| F|  |TAMS 0x0000000082d00000, 0x0000000082d00000| Untracked 
|  28|0x0000000082e00000, 0x0000000082e00000, 0x0000000082f00000|  0%| F|  |TAMS 0x0000000082e00000, 0x0000000082e00000| Untracked 
|  29|0x0000000082f00000, 0x0000000082f7ef60, 0x0000000083000000| 49%| E|  |TAMS 0x0000000082f00000, 0x0000000082f00000| Complete 
|  30|0x0000000083000000, 0x0000000083100000, 0x0000000083100000|100%| E|CS|TAMS 0x0000000083000000, 0x0000000083000000| Complete 
|  31|0x0000000083100000, 0x0000000083200000, 0x0000000083200000|100%| E|CS|TAMS 0x0000000083100000, 0x0000000083100000| Complete 
|  32|0x0000000083200000, 0x0000000083300000, 0x0000000083300000|100%| E|CS|TAMS 0x0000000083200000, 0x0000000083200000| Complete 
| 123|0x0000000088d00000, 0x0000000088e00000, 0x0000000088e00000|100%| E|CS|TAMS 0x0000000088d00000, 0x0000000088d00000| Complete 
| 124|0x0000000088e00000, 0x0000000088f00000, 0x0000000088f00000|100%| E|CS|TAMS 0x0000000088e00000, 0x0000000088e00000| Complete 
| 125|0x0000000088f00000, 0x0000000089000000, 0x0000000089000000|100%| E|CS|TAMS 0x0000000088f00000, 0x0000000088f00000| Complete 
| 127|0x0000000089100000, 0x0000000089200000, 0x0000000089200000|100%| E|CS|TAMS 0x0000000089100000, 0x0000000089100000| Complete 

Card table byte_map: [0x0000012e4a470000,0x0000012e4a870000] _byte_map_base: 0x0000012e4a067000

Marking Bits (Prev, Next): (CMBitMap*) 0x0000012e37a098e0, (CMBitMap*) 0x0000012e37a098a0
 Prev Bits: [0x0000012e4cc30000, 0x0000012e4ebe8000)
 Next Bits: [0x0000012e4ac70000, 0x0000012e4cc28000)

Polling page: 0x0000012e35b30000

Metaspace:

Usage:
  Non-class:     29.00 MB used.
      Class:      3.71 MB used.
       Both:     32.71 MB used.

Virtual space:
  Non-class space:       32.00 MB reserved,      29.19 MB ( 91%) committed,  4 nodes.
      Class space:        1.00 GB reserved,       3.88 MB ( <1%) committed,  1 nodes.
             Both:        1.03 GB reserved,      33.06 MB (  3%) committed. 

Chunk freelists:
   Non-Class:  2.75 MB
       Class:  65.00 KB
        Both:  2.81 MB

MaxMetaspaceSize: unlimited
CompressedClassSpaceSize: 1.00 GB
Initial GC threshold: 21.00 MB
Current GC threshold: 35.25 MB
CDS: off
MetaspaceReclaimPolicy: balanced
 - commit_granule_bytes: 65536.
 - commit_granule_words: 8192.
 - virtual_space_node_default_size: 1048576.
 - enlarge_chunks_in_place: 1.
 - new_chunks_are_fully_committed: 0.
 - uncommit_free_chunks: 1.
 - use_allocation_guard: 0.
 - handle_deallocations: 1.


Internal statistics:

num_allocs_failed_limit: 3.
num_arena_births: 372.
num_arena_deaths: 0.
num_vsnodes_births: 5.
num_vsnodes_deaths: 0.
num_space_committed: 529.
num_space_uncommitted: 0.
num_chunks_returned_to_freelist: 3.
num_chunks_taken_from_freelist: 1041.
num_chunk_merges: 0.
num_chunk_splits: 675.
num_chunks_enlarged: 491.
num_purges: 0.
num_inconsistent_stats: 0.

CodeHeap 'non-profiled nmethods': size=120000Kb used=1111Kb max_used=1111Kb free=118888Kb
 bounds [0x0000012e42b40000, 0x0000012e42db0000, 0x0000012e4a070000]
CodeHeap 'profiled nmethods': size=120000Kb used=4962Kb max_used=4962Kb free=115037Kb
 bounds [0x0000012e3b610000, 0x0000012e3baf0000, 0x0000012e42b40000]
CodeHeap 'non-nmethods': size=5760Kb used=1320Kb max_used=1336Kb free=4439Kb
 bounds [0x0000012e3b070000, 0x0000012e3b2e0000, 0x0000012e3b610000]
 total_blobs=3223 nmethods=2576 adapters=559
 compilation: enabled
              stopped_count=0, restarted_count=0
 full_count=0

Compilation events (20 events):
Event: 34.738 Thread 0x0000012e51c1eee0 nmethod 2504 0x0000012e3baba410 code [0x0000012e3baba5c0, 0x0000012e3baba778]
Event: 34.738 Thread 0x0000012e51c1eee0 2505       3       java.lang.StringBuilder::toString (35 bytes)
Event: 34.739 Thread 0x0000012e51c1eee0 nmethod 2505 0x0000012e3baba890 code [0x0000012e3babaa60, 0x0000012e3babad38]
Event: 34.748 Thread 0x0000012e51c1eee0 2506       3       java.util.stream.Sink$ChainedReference::begin (11 bytes)
Event: 34.748 Thread 0x0000012e51c1eee0 nmethod 2506 0x0000012e3babae10 code [0x0000012e3babafc0, 0x0000012e3babb188]
Event: 34.748 Thread 0x0000012e51c1eee0 2507       3       java.util.concurrent.ConcurrentHashMap$Traverser::<init> (36 bytes)
Event: 34.748 Thread 0x0000012e5111e5d0 2510   !   4       java.net.URL::<init> (543 bytes)
Event: 34.748 Thread 0x0000012e51c1eee0 nmethod 2507 0x0000012e3babb290 code [0x0000012e3babb420, 0x0000012e3babb618]
Event: 34.748 Thread 0x0000012e51c1eee0 2508       3       java.util.stream.ReferencePipeline$3::opWrapSink (10 bytes)
Event: 34.749 Thread 0x0000012e51c1eee0 nmethod 2508 0x0000012e3babb710 code [0x0000012e3babb900, 0x0000012e3babbea8]
Event: 34.749 Thread 0x0000012e51c1eee0 2509       3       java.util.stream.ReferencePipeline$3$1::<init> (11 bytes)
Event: 34.750 Thread 0x0000012e51c1eee0 nmethod 2509 0x0000012e3babc090 code [0x0000012e3babc260, 0x0000012e3babc748]
Event: 34.757 Thread 0x0000012e51c1eee0 2511       3       java.util.concurrent.ConcurrentHashMap$BaseIterator::<init> (21 bytes)
Event: 34.757 Thread 0x0000012e51c1eee0 nmethod 2511 0x0000012e3babc910 code [0x0000012e3babcac0, 0x0000012e3babcc98]
Event: 34.812 Thread 0x0000012e51c1eee0 2512       3       org.testng.shaded.com.google.gson.internal.bind.TypeAdapters$32::create (20 bytes)
Event: 34.812 Thread 0x0000012e51c1eee0 nmethod 2512 0x0000012e3babcd90 code [0x0000012e3babcf40, 0x0000012e3babd0f8]
Event: 34.815 Thread 0x0000012e51c1eee0 2513       3       java.util.HashMap::afterNodeRemoval (1 bytes)
Event: 34.815 Thread 0x0000012e51c1eee0 nmethod 2513 0x0000012e3babd210 code [0x0000012e3babd3a0, 0x0000012e3babd4b8]
Event: 34.816 Thread 0x0000012e51c1eee0 2514       3       java.io.Writer::write (11 bytes)
Event: 34.817 Thread 0x0000012e51c1eee0 nmethod 2514 0x0000012e3babd590 code [0x0000012e3babd740, 0x0000012e3babda08]

GC Heap History (12 events):
Event: 1.610 GC heap before
{Heap before GC invocations=0 (full 0):
 garbage-first heap   total 131072K, used 12288K [0x0000000081200000, 0x0000000100000000)
  region size 1024K, 13 young (13312K), 0 survivors (0K)
 Metaspace       used 9103K, committed 9280K, reserved 1064960K
  class space    used 806K, committed 896K, reserved 1048576K
}
Event: 1.621 GC heap after
{Heap after GC invocations=1 (full 0):
 garbage-first heap   total 131072K, used 6403K [0x0000000081200000, 0x0000000100000000)
  region size 1024K, 2 young (2048K), 2 survivors (2048K)
 Metaspace       used 9103K, committed 9280K, reserved 1064960K
  class space    used 806K, committed 896K, reserved 1048576K
}
Event: 2.684 GC heap before
{Heap before GC invocations=1 (full 0):
 garbage-first heap   total 131072K, used 16643K [0x0000000081200000, 0x0000000100000000)
  region size 1024K, 12 young (12288K), 2 survivors (2048K)
 Metaspace       used 14297K, committed 14464K, reserved 1064960K
  class space    used 1411K, committed 1472K, reserved 1048576K
}
Event: 2.690 GC heap after
{Heap after GC invocations=2 (full 0):
 garbage-first heap   total 131072K, used 7322K [0x0000000081200000, 0x0000000100000000)
  region size 1024K, 2 young (2048K), 2 survivors (2048K)
 Metaspace       used 14297K, committed 14464K, reserved 1064960K
  class space    used 1411K, committed 1472K, reserved 1048576K
}
Event: 6.784 GC heap before
{Heap before GC invocations=2 (full 0):
 garbage-first heap   total 131072K, used 27802K [0x0000000081200000, 0x0000000100000000)
  region size 1024K, 22 young (22528K), 2 survivors (2048K)
 Metaspace       used 21015K, committed 21312K, reserved 1073152K
  class space    used 2319K, committed 2432K, reserved 1048576K
}
Event: 6.793 GC heap after
{Heap after GC invocations=3 (full 0):
 garbage-first heap   total 131072K, used 9130K [0x0000000081200000, 0x0000000100000000)
  region size 1024K, 3 young (3072K), 3 survivors (3072K)
 Metaspace       used 21015K, committed 21312K, reserved 1073152K
  class space    used 2319K, committed 2432K, reserved 1048576K
}
Event: 6.891 GC heap before
{Heap before GC invocations=3 (full 0):
 garbage-first heap   total 131072K, used 10154K [0x0000000081200000, 0x0000000100000000)
  region size 1024K, 5 young (5120K), 3 survivors (3072K)
 Metaspace       used 21202K, committed 21504K, reserved 1073152K
  class space    used 2336K, committed 2496K, reserved 1048576K
}
Event: 6.897 GC heap after
{Heap after GC invocations=4 (full 0):
 garbage-first heap   total 131072K, used 9142K [0x0000000081200000, 0x0000000100000000)
  region size 1024K, 3 young (3072K), 3 survivors (3072K)
 Metaspace       used 21202K, committed 21504K, reserved 1073152K
  class space    used 2336K, committed 2496K, reserved 1048576K
}
Event: 8.355 GC heap before
{Heap before GC invocations=5 (full 0):
 garbage-first heap   total 37888K, used 27574K [0x0000000081200000, 0x0000000100000000)
  region size 1024K, 22 young (22528K), 3 survivors (3072K)
 Metaspace       used 26947K, committed 27200K, reserved 1073152K
  class space    used 3032K, committed 3136K, reserved 1048576K
}
Event: 8.368 GC heap after
{Heap after GC invocations=6 (full 0):
 garbage-first heap   total 37888K, used 11424K [0x0000000081200000, 0x0000000100000000)
  region size 1024K, 3 young (3072K), 3 survivors (3072K)
 Metaspace       used 26947K, committed 27200K, reserved 1073152K
  class space    used 3032K, committed 3136K, reserved 1048576K
}
Event: 13.078 GC heap before
{Heap before GC invocations=6 (full 0):
 garbage-first heap   total 37888K, used 27808K [0x0000000081200000, 0x0000000100000000)
  region size 1024K, 15 young (15360K), 3 survivors (3072K)
 Metaspace       used 30045K, committed 30400K, reserved 1081344K
  class space    used 3475K, committed 3648K, reserved 1048576K
}
Event: 13.085 GC heap after
{Heap after GC invocations=7 (full 0):
 garbage-first heap   total 37888K, used 17598K [0x0000000081200000, 0x0000000100000000)
  region size 1024K, 2 young (2048K), 2 survivors (2048K)
 Metaspace       used 30045K, committed 30400K, reserved 1081344K
  class space    used 3475K, committed 3648K, reserved 1048576K
}

Deoptimization events (20 events):
Event: 22.892 Thread 0x0000012e379ad750 Uncommon trap: trap_request=0xffffff45 fr.pc=0x0000012e42bea150 relative=0x00000000000000d0
Event: 22.892 Thread 0x0000012e379ad750 Uncommon trap: reason=unstable_if action=reinterpret pc=0x0000012e42bea150 method=java.lang.String.getBytes([BIB)V @ 5 c2
Event: 22.892 Thread 0x0000012e379ad750 DEOPT PACKING pc=0x0000012e42bea150 sp=0x00000029532fdb30
Event: 22.892 Thread 0x0000012e379ad750 DEOPT UNPACKING pc=0x0000012e3b0c23a3 sp=0x00000029532fdad8 mode 2
Event: 22.895 Thread 0x0000012e379ad750 Uncommon trap: trap_request=0xffffff45 fr.pc=0x0000012e42b5c01c relative=0x00000000000004dc
Event: 22.895 Thread 0x0000012e379ad750 Uncommon trap: reason=unstable_if action=reinterpret pc=0x0000012e42b5c01c method=java.lang.AbstractStringBuilder.putStringAt(ILjava/lang/String;II)V @ 8 c2
Event: 22.895 Thread 0x0000012e379ad750 DEOPT PACKING pc=0x0000012e42b5c01c sp=0x00000029532fd390
Event: 22.895 Thread 0x0000012e379ad750 DEOPT UNPACKING pc=0x0000012e3b0c23a3 sp=0x00000029532fd270 mode 2
Event: 22.895 Thread 0x0000012e379ad750 Uncommon trap: trap_request=0xffffff45 fr.pc=0x0000012e42b8f4f4 relative=0x00000000000003d4
Event: 22.895 Thread 0x0000012e379ad750 Uncommon trap: reason=unstable_if action=reinterpret pc=0x0000012e42b8f4f4 method=java.lang.AbstractStringBuilder.isLatin1()Z @ 10 c2
Event: 22.895 Thread 0x0000012e379ad750 DEOPT PACKING pc=0x0000012e42b8f4f4 sp=0x00000029532fd710
Event: 22.895 Thread 0x0000012e379ad750 DEOPT UNPACKING pc=0x0000012e3b0c23a3 sp=0x00000029532fd690 mode 2
Event: 22.897 Thread 0x0000012e379ad750 Uncommon trap: trap_request=0xffffff45 fr.pc=0x0000012e42b4c824 relative=0x0000000000000404
Event: 22.897 Thread 0x0000012e379ad750 Uncommon trap: reason=unstable_if action=reinterpret pc=0x0000012e42b4c824 method=java.lang.StringLatin1.canEncode(I)Z @ 4 c2
Event: 22.897 Thread 0x0000012e379ad750 DEOPT PACKING pc=0x0000012e42b4c824 sp=0x00000029532fd640
Event: 22.897 Thread 0x0000012e379ad750 DEOPT UNPACKING pc=0x0000012e3b0c23a3 sp=0x00000029532fd568 mode 2
Event: 22.901 Thread 0x0000012e379ad750 Uncommon trap: trap_request=0xffffff45 fr.pc=0x0000012e42b4b3a0 relative=0x0000000000000400
Event: 22.901 Thread 0x0000012e379ad750 Uncommon trap: reason=unstable_if action=reinterpret pc=0x0000012e42b4b3a0 method=java.lang.StringLatin1.canEncode(I)Z @ 4 c2
Event: 22.901 Thread 0x0000012e379ad750 DEOPT PACKING pc=0x0000012e42b4b3a0 sp=0x00000029532fd090
Event: 22.901 Thread 0x0000012e379ad750 DEOPT UNPACKING pc=0x0000012e3b0c23a3 sp=0x00000029532fd010 mode 2

Classes unloaded (0 events):
No events

Classes redefined (0 events):
No events

Internal exceptions (20 events):
Event: 7.708 Thread 0x0000012e379ad750 Exception <a 'java/lang/NoSuchMethodError'{0x0000000082793818}: 'java.lang.Object java.lang.invoke.DirectMethodHandle$Holder.invokeInterface(java.lang.Object, java.lang.Object, java.lang.Object)'> (0x0000000082793818) 
thrown [s\src\hotspot\share\interpreter\linkResolver.cpp, line 759]
Event: 7.709 Thread 0x0000012e379ad750 Exception <a 'java/lang/IncompatibleClassChangeError'{0x0000000082796ee0}: Found class java.lang.Object, but interface was expected> (0x0000000082796ee0) 
thrown [s\src\hotspot\share\interpreter\linkResolver.cpp, line 826]
Event: 7.712 Thread 0x0000012e379ad750 Exception <a 'java/lang/NoSuchMethodError'{0x000000008279f5f0}: 'int java.lang.invoke.DirectMethodHandle$Holder.invokeSpecialIFC(java.lang.Object, java.lang.Object, java.lang.Object, java.lang.Object)'> (0x000000008279f5f0) 
thrown [s\src\hotspot\share\interpreter\linkResolver.cpp, line 759]
Event: 7.885 Thread 0x0000012e52cf5d00 Exception <a 'java/net/ConnectException'{0x0000000082508070}: Connection refused: no further information> (0x0000000082508070) 
thrown [s\src\hotspot\share\prims\jni.cpp, line 535]
Event: 7.885 Thread 0x0000012e52cf5d00 Exception <a 'java/net/SocketException'{0x00000000825083a8}: Socket is not connected: shutdown> (0x00000000825083a8) 
thrown [s\src\hotspot\share\prims\jni.cpp, line 535]
Event: 7.900 Thread 0x0000012e52cf5d00 Exception <a 'java/net/ConnectException'{0x0000000082509410}: Connection refused: no further information> (0x0000000082509410) 
thrown [s\src\hotspot\share\prims\jni.cpp, line 535]
Event: 7.900 Thread 0x0000012e52cf5d00 Exception <a 'java/net/SocketException'{0x0000000082509748}: Socket is not connected: shutdown> (0x0000000082509748) 
thrown [s\src\hotspot\share\prims\jni.cpp, line 535]
Event: 7.933 Thread 0x0000012e52cf5d00 Exception <a 'java/net/ConnectException'{0x000000008250a6e0}: Connection refused: no further information> (0x000000008250a6e0) 
thrown [s\src\hotspot\share\prims\jni.cpp, line 535]
Event: 7.933 Thread 0x0000012e52cf5d00 Exception <a 'java/net/SocketException'{0x000000008250aa18}: Socket is not connected: shutdown> (0x000000008250aa18) 
thrown [s\src\hotspot\share\prims\jni.cpp, line 535]
Event: 7.985 Thread 0x0000012e52cf5d00 Exception <a 'java/net/ConnectException'{0x000000008250b9b0}: Connection refused: no further information> (0x000000008250b9b0) 
thrown [s\src\hotspot\share\prims\jni.cpp, line 535]
Event: 7.986 Thread 0x0000012e52cf5d00 Exception <a 'java/net/SocketException'{0x000000008250bce8}: Socket is not connected: shutdown> (0x000000008250bce8) 
thrown [s\src\hotspot\share\prims\jni.cpp, line 535]
Event: 8.151 Thread 0x0000012e379ad750 Exception <a 'java/lang/NoSuchMethodError'{0x0000000082421eb8}: 'java.lang.Object java.lang.invoke.DirectMethodHandle$Holder.newInvokeSpecial(java.lang.Object, java.lang.Object, int, int)'> (0x0000000082421eb8) 
thrown [s\src\hotspot\share\interpreter\linkResolver.cpp, line 759]
Event: 8.157 Thread 0x0000012e379ad750 Exception <a 'java/lang/NoSuchMethodError'{0x000000008242cf60}: 'void java.lang.invoke.DirectMethodHandle$Holder.invokeStatic(java.lang.Object, java.lang.Object, int)'> (0x000000008242cf60) 
thrown [s\src\hotspot\share\interpreter\linkResolver.cpp, line 759]
Event: 8.262 Thread 0x0000012e379ad750 Exception <a 'java/lang/NoSuchMethodError'{0x0000000082211058}: 'int java.lang.invoke.DirectMethodHandle$Holder.invokeSpecialIFC(java.lang.Object, java.lang.Object, java.lang.Object)'> (0x0000000082211058) 
thrown [s\src\hotspot\share\interpreter\linkResolver.cpp, line 759]
Event: 8.475 Thread 0x0000012e379ad750 Exception <a 'java/lang/NoSuchMethodError'{0x0000000088f32280}: 'void java.lang.invoke.DirectMethodHandle$Holder.invokeSpecial(java.lang.Object, java.lang.Object, java.lang.Object, java.lang.Object, java.lang.Object, java.lang.Object)'> (0x0000000088f32280) 
thrown [s\src\hotspot\share\interpreter\linkResolver.cpp, line 759]
Event: 12.782 Thread 0x0000012e379ad750 Exception <a 'java/lang/NoSuchMethodError'{0x0000000082d076f0}: 'java.lang.Object java.lang.invoke.DirectMethodHandle$Holder.invokeSpecialIFC(java.lang.Object, java.lang.Object, java.lang.Object)'> (0x0000000082d076f0) 
thrown [s\src\hotspot\share\interpreter\linkResolver.cpp, line 759]
Event: 13.268 Thread 0x0000012e379ad750 Exception <a 'java/lang/ClassNotFoundException'{0x0000000088fed378}: sun/util/logging/resources/spi/loggingProvider> (0x0000000088fed378) 
thrown [s\src\hotspot\share\classfile\systemDictionary.cpp, line 256]
Event: 34.334 Thread 0x0000012e379ad750 Exception <a 'java/lang/ClassNotFoundException'{0x0000000088d59798}: sun/awt/resources/spi/awtProvider> (0x0000000088d59798) 
thrown [s\src\hotspot\share\classfile\systemDictionary.cpp, line 256]
Event: 34.349 Thread 0x0000012e379ad750 Exception <a 'java/io/FileNotFoundException'{0x0000000088d5c6d8}> (0x0000000088d5c6d8) 
thrown [s\src\hotspot\share\prims\jni.cpp, line 516]
Event: 34.350 Thread 0x0000012e379ad750 Exception <a 'java/io/FileNotFoundException'{0x0000000088d5def0}> (0x0000000088d5def0) 
thrown [s\src\hotspot\share\prims\jni.cpp, line 516]

VM Operations (20 events):
Event: 8.268 Executing VM operation: HandshakeAllThreads
Event: 8.268 Executing VM operation: HandshakeAllThreads done
Event: 8.355 Executing VM operation: G1CollectForAllocation
Event: 8.368 Executing VM operation: G1CollectForAllocation done
Event: 8.845 Executing VM operation: HandshakeAllThreads
Event: 8.845 Executing VM operation: HandshakeAllThreads done
Event: 9.852 Executing VM operation: Cleanup
Event: 9.852 Executing VM operation: Cleanup done
Event: 12.876 Executing VM operation: Cleanup
Event: 12.876 Executing VM operation: Cleanup done
Event: 13.078 Executing VM operation: G1CollectForAllocation
Event: 13.085 Executing VM operation: G1CollectForAllocation done
Event: 13.155 Executing VM operation: HandshakeAllThreads
Event: 13.155 Executing VM operation: HandshakeAllThreads done
Event: 14.169 Executing VM operation: Cleanup
Event: 14.169 Executing VM operation: Cleanup done
Event: 23.245 Executing VM operation: Cleanup
Event: 23.245 Executing VM operation: Cleanup done
Event: 34.317 Executing VM operation: Cleanup
Event: 34.317 Executing VM operation: Cleanup done

Events (20 events):
Event: 34.706 loading class sun/util/locale/provider/BaseLocaleDataMetaInfo
Event: 34.706 loading class sun/util/locale/provider/BaseLocaleDataMetaInfo done
Event: 34.720 loading class sun/util/resources/cldr/TimeZoneNames
Event: 34.720 loading class sun/util/resources/TimeZoneNamesBundle
Event: 34.720 loading class sun/util/resources/OpenListResourceBundle
Event: 34.720 loading class sun/util/resources/OpenListResourceBundle done
Event: 34.720 loading class sun/util/resources/TimeZoneNamesBundle done
Event: 34.720 loading class sun/util/resources/cldr/TimeZoneNames done
Event: 34.721 loading class sun/util/resources/cldr/TimeZoneNames_en
Event: 34.723 loading class sun/util/resources/cldr/TimeZoneNames_en done
Event: 34.723 loading class sun/util/resources/cldr/TimeZoneNames_en_US
Event: 34.723 loading class sun/util/resources/cldr/TimeZoneNames_en_US done
Event: 34.726 loading class sun/util/resources/TimeZoneNames
Event: 34.728 loading class sun/util/resources/TimeZoneNames done
Event: 34.728 loading class sun/util/resources/TimeZoneNames_en
Event: 34.728 loading class sun/util/resources/TimeZoneNames_en done
Event: 34.733 loading class java/text/StringCharacterIterator
Event: 34.733 loading class java/text/CharacterIterator
Event: 34.733 loading class java/text/CharacterIterator done
Event: 34.733 loading class java/text/StringCharacterIterator done


Dynamic libraries:
0x00007ff60f750000 - 0x00007ff60f75e000 	C:\Users\user\.p2\pool\plugins\org.eclipse.justj.openjdk.hotspot.jre.full.win32.x86_64_17.0.4.v20221004-1257\jre\bin\javaw.exe
0x00007ffbe1110000 - 0x00007ffbe1308000 	C:\WINDOWS\SYSTEM32\ntdll.dll
0x00007ffbe0e30000 - 0x00007ffbe0eed000 	C:\WINDOWS\System32\KERNEL32.DLL
0x00007ffbde8f0000 - 0x00007ffbdebc2000 	C:\WINDOWS\System32\KERNELBASE.dll
0x00007ffbdebd0000 - 0x00007ffbdecd0000 	C:\WINDOWS\System32\ucrtbase.dll
0x00007ffbd71b0000 - 0x00007ffbd71c8000 	C:\Users\user\.p2\pool\plugins\org.eclipse.justj.openjdk.hotspot.jre.full.win32.x86_64_17.0.4.v20221004-1257\jre\bin\jli.dll
0x00007ffbd7160000 - 0x00007ffbd7179000 	C:\Users\user\.p2\pool\plugins\org.eclipse.justj.openjdk.hotspot.jre.full.win32.x86_64_17.0.4.v20221004-1257\jre\bin\VCRUNTIME140.dll
0x00007ffbdf920000 - 0x00007ffbdfabd000 	C:\WINDOWS\System32\USER32.dll
0x00007ffbde820000 - 0x00007ffbde842000 	C:\WINDOWS\System32\win32u.dll
0x00007ffbe0ef0000 - 0x00007ffbe0f1b000 	C:\WINDOWS\System32\GDI32.dll
0x00007ffbc9ce0000 - 0x00007ffbc9f7a000 	C:\WINDOWS\WinSxS\amd64_microsoft.windows.common-controls_6595b64144ccf1df_6.0.19041.1110_none_60b5254171f9507e\COMCTL32.dll
0x00007ffbdefa0000 - 0x00007ffbdf0af000 	C:\WINDOWS\System32\gdi32full.dll
0x00007ffbe0fa0000 - 0x00007ffbe103e000 	C:\WINDOWS\System32\msvcrt.dll
0x00007ffbde850000 - 0x00007ffbde8ed000 	C:\WINDOWS\System32\msvcp_win.dll
0x00007ffbdf710000 - 0x00007ffbdf740000 	C:\WINDOWS\System32\IMM32.DLL
0x00007ffbd73f0000 - 0x00007ffbd73fc000 	C:\Users\user\.p2\pool\plugins\org.eclipse.justj.openjdk.hotspot.jre.full.win32.x86_64_17.0.4.v20221004-1257\jre\bin\vcruntime140_1.dll
0x00007ffbc1130000 - 0x00007ffbc11c1000 	C:\Users\user\.p2\pool\plugins\org.eclipse.justj.openjdk.hotspot.jre.full.win32.x86_64_17.0.4.v20221004-1257\jre\bin\msvcp140.dll
0x00007ffb862d0000 - 0x00007ffb86f16000 	C:\Users\user\.p2\pool\plugins\org.eclipse.justj.openjdk.hotspot.jre.full.win32.x86_64_17.0.4.v20221004-1257\jre\bin\server\jvm.dll
0x00007ffbdfcb0000 - 0x00007ffbdfd5e000 	C:\WINDOWS\System32\ADVAPI32.dll
0x00007ffbdf880000 - 0x00007ffbdf91c000 	C:\WINDOWS\System32\sechost.dll
0x00007ffbdfd60000 - 0x00007ffbdfe85000 	C:\WINDOWS\System32\RPCRT4.dll
0x00007ffbdf170000 - 0x00007ffbdf178000 	C:\WINDOWS\System32\PSAPI.DLL
0x00007ffbd8770000 - 0x00007ffbd8779000 	C:\WINDOWS\SYSTEM32\WSOCK32.dll
0x00007ffbdffc0000 - 0x00007ffbe002b000 	C:\WINDOWS\System32\WS2_32.dll
0x00007ffbcf350000 - 0x00007ffbcf377000 	C:\WINDOWS\SYSTEM32\WINMM.dll
0x00007ffbcd720000 - 0x00007ffbcd72a000 	C:\WINDOWS\SYSTEM32\VERSION.dll
0x00007ffbdc6a0000 - 0x00007ffbdc6b2000 	C:\WINDOWS\SYSTEM32\kernel.appcore.dll
0x00007ffbd7400000 - 0x00007ffbd740a000 	C:\Users\user\.p2\pool\plugins\org.eclipse.justj.openjdk.hotspot.jre.full.win32.x86_64_17.0.4.v20221004-1257\jre\bin\jimage.dll
0x00007ffbc9930000 - 0x00007ffbc9b14000 	C:\WINDOWS\SYSTEM32\DBGHELP.DLL
0x00007ffbc9900000 - 0x00007ffbc992c000 	C:\WINDOWS\SYSTEM32\dbgcore.DLL
0x00007ffbdf0e0000 - 0x00007ffbdf162000 	C:\WINDOWS\System32\bcryptPrimitives.dll
0x00007ffbc1540000 - 0x00007ffbc1565000 	C:\Users\user\.p2\pool\plugins\org.eclipse.justj.openjdk.hotspot.jre.full.win32.x86_64_17.0.4.v20221004-1257\jre\bin\java.dll
0x00007ffbcf0b0000 - 0x00007ffbcf0c8000 	C:\Users\user\.p2\pool\plugins\org.eclipse.justj.openjdk.hotspot.jre.full.win32.x86_64_17.0.4.v20221004-1257\jre\bin\zip.dll
0x00007ffbe0030000 - 0x00007ffbe0773000 	C:\WINDOWS\System32\SHELL32.dll
0x00007ffbdc8a0000 - 0x00007ffbdd031000 	C:\WINDOWS\SYSTEM32\windows.storage.dll
0x00007ffbdf200000 - 0x00007ffbdf554000 	C:\WINDOWS\System32\combase.dll
0x00007ffbde1a0000 - 0x00007ffbde1d0000 	C:\WINDOWS\SYSTEM32\Wldp.dll
0x00007ffbdfc00000 - 0x00007ffbdfcad000 	C:\WINDOWS\System32\SHCORE.dll
0x00007ffbdfba0000 - 0x00007ffbdfbf5000 	C:\WINDOWS\System32\shlwapi.dll
0x00007ffbde760000 - 0x00007ffbde77f000 	C:\WINDOWS\SYSTEM32\profapi.dll
0x00007ffbc7390000 - 0x00007ffbc73a9000 	C:\Users\user\.p2\pool\plugins\org.eclipse.justj.openjdk.hotspot.jre.full.win32.x86_64_17.0.4.v20221004-1257\jre\bin\net.dll
0x00007ffbcf7c0000 - 0x00007ffbcf8cd000 	C:\WINDOWS\SYSTEM32\WINHTTP.dll
0x00007ffbddf80000 - 0x00007ffbddfea000 	C:\WINDOWS\system32\mswsock.dll
0x00007ffbc1520000 - 0x00007ffbc1535000 	C:\Users\user\.p2\pool\plugins\org.eclipse.justj.openjdk.hotspot.jre.full.win32.x86_64_17.0.4.v20221004-1257\jre\bin\nio.dll
0x00007ffbd7390000 - 0x00007ffbd73a0000 	C:\Users\user\.p2\pool\plugins\org.eclipse.justj.openjdk.hotspot.jre.full.win32.x86_64_17.0.4.v20221004-1257\jre\bin\verify.dll
0x00007ffbddc90000 - 0x00007ffbddd5a000 	C:\WINDOWS\SYSTEM32\DNSAPI.dll
0x00007ffbddc40000 - 0x00007ffbddc7b000 	C:\WINDOWS\SYSTEM32\IPHLPAPI.DLL
0x00007ffbdf740000 - 0x00007ffbdf748000 	C:\WINDOWS\System32\NSI.dll
0x00007ffbd0e20000 - 0x00007ffbd0e2a000 	C:\Windows\System32\rasadhlp.dll
0x00007ffbcef20000 - 0x00007ffbcefa0000 	C:\WINDOWS\System32\fwpuclnt.dll
0x00007ffbdf0b0000 - 0x00007ffbdf0d7000 	C:\WINDOWS\System32\bcrypt.dll
0x00007ffbde370000 - 0x00007ffbde388000 	C:\WINDOWS\SYSTEM32\CRYPTSP.dll
0x00007ffbdd850000 - 0x00007ffbdd884000 	C:\WINDOWS\system32\rsaenh.dll
0x00007ffbde6e0000 - 0x00007ffbde70e000 	C:\WINDOWS\SYSTEM32\USERENV.dll
0x00007ffbde110000 - 0x00007ffbde11c000 	C:\WINDOWS\SYSTEM32\CRYPTBASE.dll
0x00007ffbd0de0000 - 0x00007ffbd0df7000 	C:\WINDOWS\SYSTEM32\dhcpcsvc6.DLL
0x00007ffbd0ec0000 - 0x00007ffbd0edd000 	C:\WINDOWS\SYSTEM32\dhcpcsvc.DLL
0x00007ffbdbef0000 - 0x00007ffbdbf81000 	C:\WINDOWS\system32\apphelp.dll
0x00007ffbcc0d0000 - 0x00007ffbcc0d9000 	C:\Users\user\.p2\pool\plugins\org.eclipse.justj.openjdk.hotspot.jre.full.win32.x86_64_17.0.4.v20221004-1257\jre\bin\management.dll
0x00007ffbca3c0000 - 0x00007ffbca3cb000 	C:\Users\user\.p2\pool\plugins\org.eclipse.justj.openjdk.hotspot.jre.full.win32.x86_64_17.0.4.v20221004-1257\jre\bin\management_ext.dll
0x00007ffbcf180000 - 0x00007ffbcf18e000 	C:\Users\user\.p2\pool\plugins\org.eclipse.justj.openjdk.hotspot.jre.full.win32.x86_64_17.0.4.v20221004-1257\jre\bin\sunmscapi.dll
0x00007ffbdedf0000 - 0x00007ffbdef46000 	C:\WINDOWS\System32\CRYPT32.dll
0x00007ffbde230000 - 0x00007ffbde257000 	C:\WINDOWS\SYSTEM32\ncrypt.dll
0x00007ffbde1f0000 - 0x00007ffbde22b000 	C:\WINDOWS\SYSTEM32\NTASN1.dll
0x00007ffbbf540000 - 0x00007ffbbf547000 	C:\WINDOWS\system32\wshunix.dll
0x00007ffb9e2a0000 - 0x00007ffb9e42e000 	C:\Users\user\.p2\pool\plugins\org.eclipse.justj.openjdk.hotspot.jre.full.win32.x86_64_17.0.4.v20221004-1257\jre\bin\awt.dll
0x00007ffbdf7b0000 - 0x00007ffbdf87d000 	C:\WINDOWS\System32\OLEAUT32.dll
0x00007ffbdc3b0000 - 0x00007ffbdc3df000 	C:\WINDOWS\system32\DWMAPI.DLL
0x00007ffbdc1a0000 - 0x00007ffbdc23e000 	C:\WINDOWS\system32\uxtheme.dll
0x00007ffbba080000 - 0x00007ffbba1a7000 	C:\WINDOWS\system32\opengl32.dll
0x00007ffbbe4f0000 - 0x00007ffbbe51c000 	C:\WINDOWS\SYSTEM32\GLU32.dll
0x00007ffbdfea0000 - 0x00007ffbdffb5000 	C:\WINDOWS\System32\MSCTF.dll
0x00007ffbe07e0000 - 0x00007ffbe090a000 	C:\WINDOWS\System32\ole32.dll
0x00007ffbc85b0000 - 0x00007ffbc85c7000 	C:\WINDOWS\system32\napinsp.dll
0x00007ffbc8520000 - 0x00007ffbc853b000 	C:\WINDOWS\system32\pnrpnsp.dll
0x00007ffbd9460000 - 0x00007ffbd9475000 	C:\WINDOWS\system32\wshbth.dll
0x00007ffbda170000 - 0x00007ffbda18d000 	C:\WINDOWS\system32\NLAapi.dll
0x00007ffbc8500000 - 0x00007ffbc8512000 	C:\WINDOWS\System32\winrnr.dll

dbghelp: loaded successfully - version: 4.0.5 - missing functions: none
symbol engine: initialized successfully - sym options: 0x614 - pdb path: .;C:\Users\user\.p2\pool\plugins\org.eclipse.justj.openjdk.hotspot.jre.full.win32.x86_64_17.0.4.v20221004-1257\jre\bin;C:\WINDOWS\SYSTEM32;C:\WINDOWS\WinSxS\amd64_microsoft.windows.common-controls_6595b64144ccf1df_6.0.19041.1110_none_60b5254171f9507e;C:\Users\user\.p2\pool\plugins\org.eclipse.justj.openjdk.hotspot.jre.full.win32.x86_64_17.0.4.v20221004-1257\jre\bin\server

VM Arguments:
jvm_args: -ea -Dfile.encoding=UTF-8 -XX:+ShowCodeDetailsInExceptionMessages 
java_command: org.testng.remote.RemoteTestNG -serport 56747 -protocol json -d D:\GitPractice\SeleniumCourse\test-output C:\Users\user\AppData\Local\Temp\testng-eclipse-1602802909\testng-customsuite.xml
java_class_path (initial): C:\Users\user\eclipse\java-2022-09\eclipse\configuration\org.eclipse.osgi\440\0\.cp\lib\testng-remote.jar;D:\GitPractice\SeleniumCourse\target\test-classes;D:\GitPractice\SeleniumCourse\target\classes;C:\Users\user\.m2\repository\org\seleniumhq\selenium\selenium-java\4.11.0\selenium-java-4.11.0.jar;C:\Users\user\.m2\repository\org\seleniumhq\selenium\selenium-api\4.11.0\selenium-api-4.11.0.jar;C:\Users\user\.m2\repository\org\seleniumhq\selenium\selenium-chrome-driver\4.11.0\selenium-chrome-driver-4.11.0.jar;C:\Users\user\.m2\repository\com\google\auto\service\auto-service-annotations\1.0.1\auto-service-annotations-1.0.1.jar;C:\Users\user\.m2\repository\com\google\guava\guava\31.1-jre\guava-31.1-jre.jar;C:\Users\user\.m2\repository\com\google\guava\failureaccess\1.0.1\failureaccess-1.0.1.jar;C:\Users\user\.m2\repository\com\google\guava\listenablefuture\9999.0-empty-to-avoid-conflict-with-guava\listenablefuture-9999.0-empty-to-avoid-conflict-with-guava.jar;C:\Users\user\.m2\repository\com\google\code\findbugs\jsr305\3.0.2\jsr305-3.0.2.jar;C:\Users\user\.m2\repository\org\checkerframework\checker-qual\3.12.0\checker-qual-3.12.0.jar;C:\Users\user\.m2\repository\com\google\errorprone\error_prone_annotations\2.11.0\error_prone_annotations-2.11.0.jar;C:\Users\user\.m2\repository\com\google\j2objc\j2objc-annotations\1.3\j2objc-annotations-1.3.jar;C:\Users\user\.m2\repository\org\seleniumhq\selenium\selenium-chromium-driver\4.11.0\selenium-chromium-driver-4.11.0.jar;C:\Users\user\.m2\repository\org\seleniumhq\selenium\selenium-json\4.11.0\selenium-json-4.11.0.jar;C:\Users\user\.m2\repository\org\seleniumhq\selenium\selenium-manager\4.11.0\selenium-manager-4.11.0.jar;C:\Users\user\.m2\repository\org\seleniumhq\selenium\selenium-devtools-v113\4.11.0\selenium-devtools-v113-4.11.0.jar;C:\Users\user\.m2\repository\org\seleniumhq\selenium\selenium-devtools-v114\4.11.0\selenium-devtools-v114-4.11.0.jar;C:\Users\user\.m2\repository\org\seleniumhq\selen
Launcher Type: SUN_STANDARD

[Global flags]
     intx CICompilerCount                          = 3                                         {product} {ergonomic}
     uint ConcGCThreads                            = 1                                         {product} {ergonomic}
     uint G1ConcRefinementThreads                  = 4                                         {product} {ergonomic}
   size_t G1HeapRegionSize                         = 1048576                                   {product} {ergonomic}
    uintx GCDrainStackTargetSize                   = 64                                        {product} {ergonomic}
   size_t InitialHeapSize                          = 134217728                                 {product} {ergonomic}
   size_t MarkStackSize                            = 4194304                                   {product} {ergonomic}
   size_t MaxHeapSize                              = 2128609280                                {product} {ergonomic}
   size_t MaxNewSize                               = 1277165568                                {product} {ergonomic}
   size_t MinHeapDeltaBytes                        = 1048576                                   {product} {ergonomic}
   size_t MinHeapSize                              = 8388608                                   {product} {ergonomic}
    uintx NonNMethodCodeHeapSize                   = 5832780                                {pd product} {ergonomic}
    uintx NonProfiledCodeHeapSize                  = 122912730                              {pd product} {ergonomic}
    uintx ProfiledCodeHeapSize                     = 122912730                              {pd product} {ergonomic}
    uintx ReservedCodeCacheSize                    = 251658240                              {pd product} {ergonomic}
     bool SegmentedCodeCache                       = true                                      {product} {ergonomic}
     bool ShowCodeDetailsInExceptionMessages       = true                                   {manageable} {command line}
   size_t SoftMaxHeapSize                          = 2128609280                             {manageable} {ergonomic}
     bool UseCompressedClassPointers               = true                           {product lp64_product} {ergonomic}
     bool UseCompressedOops                        = true                           {product lp64_product} {ergonomic}
     bool UseG1GC                                  = true                                      {product} {ergonomic}
     bool UseLargePagesIndividualAllocation        = false                                  {pd product} {ergonomic}

Logging:
Log output configuration:
 #0: stdout all=warning uptime,level,tags
 #1: stderr all=off uptime,level,tags

Environment Variables:
JAVA_HOME=D:\jdk\
PATH=C:/Users/user/.p2/pool/plugins/org.eclipse.justj.openjdk.hotspot.jre.full.win32.x86_64_17.0.4.v20221004-1257/jre/bin/server;C:/Users/user/.p2/pool/plugins/org.eclipse.justj.openjdk.hotspot.jre.full.win32.x86_64_17.0.4.v20221004-1257/jre/bin;D:\jdk\bin\;E:\Scripts\;E:\;C:\WINDOWS\system32;C:\WINDOWS;C:\WINDOWS\System32\Wbem;C:\WINDOWS\System32\WindowsPowerShell\v1.0\;C:\WINDOWS\System32\OpenSSH\;C:\ProgramData\ComposerSetup\bin;D:\apache-maven-3.8.6\;D:\apache-maven-3.8.6\bin;D:\apache-maven-3.8.6\\bin;D:\jdk\;D:\jdk\\lib;D:\Node\;D:\Node\node_modules;C:\Users\user\AppData\Roaming\npm;D:\allure-2.17.3\bin;;C:\Program Files\Docker\Docker\resources\bin;C:\Program Files\MySQL\MySQL Shell 8.0\bin\;C:\Users\user\AppData\Roaming\Composer\vendor\bin;C:\Users\user\AppData\Local\Microsoft\WindowsApps;C:\Users\user\AppData\Roaming\npm;C:\Users\user\Desktop;
USERNAME=mbm
OS=Windows_NT
PROCESSOR_IDENTIFIER=Intel64 Family 6 Model 69 Stepping 1, GenuineIntel
TMP=C:\Users\user\AppData\Local\Temp
TEMP=C:\Users\user\AppData\Local\Temp



---------------  S Y S T E M  ---------------

OS:
 Windows 10 , 64 bit Build 19041 (10.0.19041.1889)
OS uptime: 12 days 20:09 hours
Hyper-V role detected

CPU: total 4 (initial active 4) (2 cores per cpu, 2 threads per core) family 6 model 69 stepping 1 microcode 0x25, cx8, cmov, fxsr, ht, mmx, sse, sse2, sse3, ssse3, sse4.1, sse4.2, popcnt, lzcnt, tsc, tscinvbit, avx, avx2, aes, erms, clmul, bmi1, bmi2, fma, vzeroupper, clflush, hv

Memory: 4k page, system-wide physical 8113M (428M free)
TotalPageFile size 20613M (AvailPageFile size 10M)
current process WorkingSet (physical memory assigned to process): 144M, peak: 144M
current process commit charge ("private bytes"): 171M, peak: 234M

vm_info: OpenJDK 64-Bit Server VM (17.0.4.1+1) for windows-amd64 JRE (17.0.4.1+1), built on Aug 17 2022 07:42:43 by "temurin" with MS VC++ 16.7 (VS2019)

END.
